<?xml version="1.0" encoding="UTF-8"?>
<!-- Generated by org.testng.reporters.JUnitXMLReporter -->
<testsuite ignored="0" hostname="DESKTOP-7S20RHE" failures="0" tests="12" name="Test" time="94.533" errors="0" timestamp="2024-10-25T01:45:14 IST">
  <testcase classname="TestCase.inventoryTestCase" name="verifycart" time="0.277"/>
  <testcase classname="TestCase.inventoryTestCase" name="verifytitle" time="0.011"/>
  <testcase classname="TestCase.inventoryTestCase" name="verifytwitter" time="0.238"/>
  <testcase classname="TestCase.CartTestcase" name="verifychchbtn" time="0.125"/>
  <testcase classname="TestCase.CartTestcase" name="verifyctnbtn" time="0.13"/>
  <testcase classname="TestCase.CartTestcase" name="verifytitle" time="0.022"/>
  <testcase classname="TestCase.loginTestcase" name="logintoapplicatio" time="0.745"/>
  <testcase classname="TestCase.loginTestcase" name="testtitle" time="0.014"/>
  <testcase classname="TestCase.loginTestcase" name="testurl" time="0.024"/>
  <testcase classname="TestCase.CheckoutPageTestcase" name="inputinfo" time="0.41"/>
  <testcase classname="TestCase.CheckoutPageTestcase" name="veriftcanvelbtn" time="0.081"/>
  <testcase classname="TestCase.CheckoutPageTestcase" name="verifylabelable" time="0.026"/>
</testsuite> <!-- Test -->
