<?xml version="1.0" encoding="UTF-8"?>
<!-- Generated by org.testng.reporters.JUnitXMLReporter -->
<testsuite ignored="3" hostname="DESKTOP-7S20RHE" failures="0" tests="1" name="Default test" time="16.271" errors="0" timestamp="2024-10-27T23:27:09 IST">
  <testcase classname="TestCase.loginTestcase" name="logintoapplicatio" time="0.491"/>
  <testcase classname="TestCase.loginTestcase" name="verifymullogin" time="0.0">
    <ignored/>
  </testcase> <!-- verifymullogin -->
  <testcase classname="TestCase.loginTestcase" name="testtitle" time="0.0">
    <ignored/>
  </testcase> <!-- testtitle -->
  <testcase classname="TestCase.loginTestcase" name="testurl" time="0.0">
    <ignored/>
  </testcase> <!-- testurl -->
</testsuite> <!-- Default test -->
